TN:
SF:src\App.tsx
FN:5,App
FN:10,(anonymous_1)
FNF:2
FNH:0
FNDA:0,App
FNDA:0,(anonymous_1)
DA:6,0
DA:11,0
DA:12,0
LF:3
LH:0
BRF:0
BRH:0
end_of_record
TN:
SF:src\components\layout\AppShell.tsx
FN:5,AppShell
FNF:1
FNH:0
FNDA:0,AppShell
DA:6,0
LF:1
LH:0
BRF:0
BRH:0
end_of_record
TN:
SF:src\components\layout\Sidebar.tsx
FN:5,NavSection
FN:8,(anonymous_1)
FN:14,(anonymous_2)
FN:32,Sidebar
FNF:4
FNH:0
FNDA:0,NavSection
FNDA:0,(anonymous_1)
FNDA:0,(anonymous_2)
FNDA:0,Sidebar
DA:6,0
DA:9,0
DA:10,0
DA:14,0
DA:33,0
LF:5
LH:0
BRDA:17,0,0,0
BRDA:17,0,1,0
BRF:2
BRH:0
end_of_record
TN:
SF:src\components\layout\TitleBar.tsx
FN:5,TitleBar
FN:8,(anonymous_1)
FN:35,(anonymous_2)
FN:40,(anonymous_3)
FN:45,(anonymous_4)
FN:49,(anonymous_5)
FNF:6
FNH:0
FNDA:0,TitleBar
FNDA:0,(anonymous_1)
FNDA:0,(anonymous_2)
FNDA:0,(anonymous_3)
FNDA:0,(anonymous_4)
FNDA:0,(anonymous_5)
DA:6,0
DA:8,0
DA:9,0
DA:10,0
DA:11,0
DA:14,0
DA:35,0
DA:40,0
DA:45,0
DA:50,0
LF:10
LH:0
BRDA:39,0,0,0
BRDA:39,0,1,0
BRDA:41,1,0,0
BRDA:41,1,1,0
BRDA:56,2,0,0
BRDA:56,2,1,0
BRF:6
BRH:0
end_of_record
TN:
SF:src\components\ui\badge.tsx
FN:27,(anonymous_0)
FNF:1
FNH:1
FNDA:278,(anonymous_0)
DA:14,8
DA:26,8
DA:28,278
DA:39,8
LF:4
LH:4
BRDA:27,0,0,278
BRF:1
BRH:1
end_of_record
TN:
SF:src\components\ui\button.tsx
FN:41,(anonymous_0)
FNF:1
FNH:1
FNDA:467,(anonymous_0)
DA:5,8
DA:40,8
DA:42,467
DA:49,8
LF:4
LH:4
BRF:0
BRH:0
end_of_record
TN:
SF:src\components\ui\card.tsx
FN:7,(anonymous_0)
FN:22,(anonymous_1)
FN:34,(anonymous_2)
FN:46,(anonymous_3)
FN:58,(anonymous_4)
FNF:5
FNH:4
FNDA:701,(anonymous_0)
FNDA:602,(anonymous_1)
FNDA:602,(anonymous_2)
FNDA:0,(anonymous_3)
FNDA:701,(anonymous_4)
DA:4,8
DA:8,701
DA:17,8
DA:19,8
DA:23,602
DA:29,8
DA:31,8
DA:35,602
DA:41,8
DA:43,8
DA:47,0
DA:53,8
DA:55,8
DA:59,701
DA:61,8
LF:15
LH:14
BRF:0
BRH:0
end_of_record
TN:
SF:src\components\ui\input.tsx
FN:7,(anonymous_0)
FNF:1
FNH:1
FNDA:53,(anonymous_0)
DA:6,4
DA:8,53
DA:22,4
LF:3
LH:3
BRF:0
BRH:0
end_of_record
TN:
SF:src\lib\grid-client.ts
FN:31,(anonymous_0)
FN:52,(anonymous_1)
FN:54,(anonymous_2)
FN:72,(anonymous_3)
FN:91,(anonymous_4)
FN:101,(anonymous_5)
FN:114,(anonymous_6)
FN:115,(anonymous_7)
FN:118,(anonymous_8)
FN:127,(anonymous_9)
FN:144,(anonymous_10)
FN:148,(anonymous_11)
FN:152,(anonymous_12)
FN:157,(anonymous_13)
FN:169,(anonymous_14)
FN:175,(anonymous_15)
FN:182,(anonymous_16)
FN:186,(anonymous_17)
FN:210,(anonymous_18)
FN:223,(anonymous_19)
FN:245,(anonymous_20)
FN:250,(anonymous_21)
FN:254,(anonymous_22)
FN:261,(anonymous_23)
FN:268,(anonymous_24)
FN:273,(anonymous_25)
FN:289,(anonymous_26)
FN:297,(anonymous_27)
FN:306,(anonymous_28)
FN:315,(anonymous_29)
FN:320,(anonymous_30)
FN:325,(anonymous_31)
FN:330,(anonymous_32)
FN:358,(anonymous_33)
FN:365,(anonymous_34)
FN:388,(anonymous_35)
FN:395,(anonymous_36)
FN:402,(anonymous_37)
FN:416,(anonymous_38)
FN:420,(anonymous_39)
FN:421,(anonymous_40)
FN:442,(anonymous_41)
FN:448,(anonymous_42)
FN:449,(anonymous_43)
FN:457,(anonymous_44)
FN:485,(anonymous_45)
FN:499,(anonymous_46)
FN:507,(anonymous_47)
FN:517,(anonymous_48)
FN:536,(anonymous_49)
FN:537,(anonymous_50)
FN:562,(anonymous_51)
FN:567,(anonymous_52)
FN:584,(anonymous_53)
FN:589,(anonymous_54)
FNF:55
FNH:32
FNDA:9,(anonymous_0)
FNDA:9,(anonymous_1)
FNDA:151,(anonymous_2)
FNDA:151,(anonymous_3)
FNDA:151,(anonymous_4)
FNDA:0,(anonymous_5)
FNDA:0,(anonymous_6)
FNDA:0,(anonymous_7)
FNDA:0,(anonymous_8)
FNDA:0,(anonymous_9)
FNDA:9,(anonymous_10)
FNDA:9,(anonymous_11)
FNDA:9,(anonymous_12)
FNDA:9,(anonymous_13)
FNDA:9,(anonymous_14)
FNDA:9,(anonymous_15)
FNDA:9,(anonymous_16)
FNDA:9,(anonymous_17)
FNDA:157,(anonymous_18)
FNDA:151,(anonymous_19)
FNDA:151,(anonymous_20)
FNDA:145,(anonymous_21)
FNDA:4,(anonymous_22)
FNDA:1,(anonymous_23)
FNDA:1,(anonymous_24)
FNDA:4,(anonymous_25)
FNDA:2,(anonymous_26)
FNDA:0,(anonymous_27)
FNDA:0,(anonymous_28)
FNDA:0,(anonymous_29)
FNDA:0,(anonymous_30)
FNDA:0,(anonymous_31)
FNDA:0,(anonymous_32)
FNDA:9,(anonymous_33)
FNDA:0,(anonymous_34)
FNDA:2,(anonymous_35)
FNDA:2,(anonymous_36)
FNDA:0,(anonymous_37)
FNDA:0,(anonymous_38)
FNDA:0,(anonymous_39)
FNDA:0,(anonymous_40)
FNDA:0,(anonymous_41)
FNDA:0,(anonymous_42)
FNDA:0,(anonymous_43)
FNDA:0,(anonymous_44)
FNDA:30,(anonymous_45)
FNDA:11,(anonymous_46)
FNDA:12,(anonymous_47)
FNDA:2,(anonymous_48)
FNDA:1,(anonymous_49)
FNDA:0,(anonymous_50)
FNDA:1,(anonymous_51)
FNDA:3,(anonymous_52)
FNDA:0,(anonymous_53)
FNDA:0,(anonymous_54)
DA:31,9
DA:32,9
DA:33,9
DA:34,9
DA:46,9
DA:47,9
DA:48,9
DA:49,9
DA:50,9
DA:52,9
DA:55,151
DA:56,0
DA:57,0
DA:59,0
DA:62,151
DA:63,151
DA:64,151
DA:65,151
DA:67,0
DA:68,0
DA:75,151
DA:76,151
DA:77,151
DA:79,0
DA:81,0
DA:82,0
DA:83,0
DA:88,0
DA:92,151
DA:93,151
DA:95,151
DA:96,0
DA:97,0
DA:102,0
DA:103,0
DA:105,0
DA:106,0
DA:107,0
DA:108,0
DA:109,0
DA:110,0
DA:115,0
DA:120,0
DA:122,0
DA:124,0
DA:128,0
DA:140,9
DA:141,9
DA:142,9
DA:145,306
DA:149,0
DA:153,0
DA:154,0
DA:158,0
DA:159,0
DA:160,0
DA:162,0
DA:163,0
DA:164,0
DA:166,0
DA:170,0
DA:171,0
DA:172,0
DA:176,0
DA:177,0
DA:179,0
DA:183,151
DA:187,0
DA:188,0
DA:190,0
DA:192,0
DA:196,0
DA:197,0
DA:198,0
DA:200,0
DA:202,0
DA:211,157
DA:214,9
DA:229,151
DA:230,0
DA:231,0
DA:233,0
DA:238,151
DA:239,151
DA:240,151
DA:241,0
DA:245,151
DA:246,151
DA:251,145
DA:258,4
DA:265,1
DA:269,1
DA:279,4
DA:280,4
DA:281,4
DA:282,0
DA:285,4
DA:286,4
DA:287,2
DA:290,2
DA:298,0
DA:299,0
DA:300,0
DA:302,0
DA:307,0
DA:308,0
DA:310,0
DA:316,0
DA:321,0
DA:326,0
DA:331,0
DA:354,9
DA:356,9
DA:358,9
DA:359,9
DA:366,0
DA:367,0
DA:369,0
DA:378,0
DA:379,0
DA:382,0
DA:389,2
DA:396,2
DA:403,0
DA:404,0
DA:407,0
DA:408,0
DA:410,0
DA:417,0
DA:419,0
DA:420,0
DA:421,0
DA:424,0
DA:425,0
DA:429,0
DA:432,0
DA:443,0
DA:445,0
DA:446,0
DA:448,0
DA:449,0
DA:458,0
DA:459,0
DA:486,30
DA:490,9
DA:500,11
DA:501,11
DA:502,10
DA:503,10
DA:508,12
DA:509,12
DA:510,11
DA:512,1
DA:523,2
DA:526,2
DA:528,2
DA:529,2
DA:532,1
DA:533,1
DA:534,1
DA:536,1
DA:537,1
DA:538,0
DA:541,0
DA:542,0
DA:543,0
DA:546,0
DA:549,0
DA:550,0
DA:554,0
DA:557,1
DA:560,1
DA:562,1
DA:572,3
DA:578,3
DA:579,2
DA:580,2
DA:585,0
DA:590,0
DA:594,9
DA:595,9
LF:181
LH:79
BRDA:31,0,0,9
BRDA:31,0,1,9
BRDA:55,1,0,0
BRDA:55,1,1,151
BRDA:56,2,0,0
BRDA:56,2,1,0
BRDA:79,3,0,0
BRDA:79,3,1,0
BRDA:81,4,0,0
BRDA:81,4,1,0
BRDA:95,5,0,0
BRDA:95,5,1,151
BRDA:105,6,0,0
BRDA:105,6,1,0
BRDA:108,7,0,0
BRDA:108,7,1,0
BRDA:120,8,0,0
BRDA:120,8,1,0
BRDA:120,9,0,0
BRDA:120,9,1,0
BRDA:154,10,0,0
BRDA:154,10,1,0
BRDA:159,11,0,0
BRDA:159,11,1,0
BRDA:163,12,0,0
BRDA:163,12,1,0
BRDA:177,13,0,0
BRDA:177,13,1,0
BRDA:183,14,0,151
BRDA:183,14,1,0
BRDA:188,15,0,0
BRDA:188,15,1,0
BRDA:196,16,0,0
BRDA:196,16,1,0
BRDA:196,17,0,0
BRDA:196,17,1,0
BRDA:229,18,0,0
BRDA:229,18,1,151
BRDA:229,19,0,151
BRDA:229,19,1,0
BRDA:231,20,0,0
BRDA:231,20,1,0
BRDA:240,21,0,0
BRDA:240,21,1,151
BRDA:240,22,0,151
BRDA:240,22,1,0
BRDA:281,23,0,0
BRDA:281,23,1,4
BRDA:281,24,0,4
BRDA:281,24,1,0
BRDA:286,25,0,2
BRDA:286,25,1,2
BRDA:286,26,0,2
BRDA:286,26,1,1
BRDA:299,27,0,0
BRDA:299,27,1,0
BRDA:299,28,0,0
BRDA:299,28,1,0
BRDA:378,29,0,0
BRDA:378,29,1,0
BRDA:417,30,0,0
BRDA:417,30,1,0
BRDA:424,31,0,0
BRDA:424,31,1,0
BRDA:429,32,0,0
BRDA:429,32,1,0
BRDA:431,33,0,0
BRDA:431,33,1,0
BRDA:443,34,0,0
BRDA:443,34,1,0
BRDA:501,35,0,1
BRDA:501,35,1,10
BRDA:503,36,0,10
BRDA:503,36,1,1
BRDA:529,37,0,1
BRDA:529,37,1,1
BRDA:529,38,0,1
BRDA:529,38,1,0
BRDA:541,39,0,0
BRDA:541,39,1,0
BRDA:578,40,0,1
BRDA:578,40,1,2
BRDA:580,41,0,2
BRDA:580,41,1,1
BRF:84
BRH:26
end_of_record
TN:
SF:src\lib\state-persistence.ts
FN:26,(anonymous_0)
FN:45,(anonymous_1)
FN:79,(anonymous_2)
FN:91,(anonymous_3)
FN:113,(anonymous_4)
FN:127,(anonymous_5)
FN:129,(anonymous_6)
FN:176,(anonymous_7)
FN:182,(anonymous_8)
FN:186,(anonymous_9)
FN:207,(anonymous_10)
FN:217,(anonymous_11)
FN:232,(anonymous_12)
FN:237,(anonymous_13)
FN:243,(anonymous_14)
FN:245,(anonymous_15)
FN:255,createPersistedQueryClient
FN:282,(anonymous_17)
FN:284,(anonymous_18)
FN:293,(anonymous_19)
FN:316,initializeStatePersistence
FN:324,(anonymous_21)
FNF:22
FNH:0
FNDA:0,(anonymous_0)
FNDA:0,(anonymous_1)
FNDA:0,(anonymous_2)
FNDA:0,(anonymous_3)
FNDA:0,(anonymous_4)
FNDA:0,(anonymous_5)
FNDA:0,(anonymous_6)
FNDA:0,(anonymous_7)
FNDA:0,(anonymous_8)
FNDA:0,(anonymous_9)
FNDA:0,(anonymous_10)
FNDA:0,(anonymous_11)
FNDA:0,(anonymous_12)
FNDA:0,(anonymous_13)
FNDA:0,(anonymous_14)
FNDA:0,(anonymous_15)
FNDA:0,createPersistedQueryClient
FNDA:0,(anonymous_17)
FNDA:0,(anonymous_18)
FNDA:0,(anonymous_19)
FNDA:0,initializeStatePersistence
FNDA:0,(anonymous_21)
DA:21,0
DA:27,0
DA:28,0
DA:34,0
DA:35,0
DA:36,0
DA:38,0
DA:46,0
DA:47,0
DA:48,0
DA:50,0
DA:52,0
DA:55,0
DA:56,0
DA:57,0
DA:58,0
DA:62,0
DA:63,0
DA:64,0
DA:65,0
DA:68,0
DA:70,0
DA:71,0
DA:72,0
DA:80,0
DA:81,0
DA:82,0
DA:84,0
DA:92,0
DA:93,0
DA:94,0
DA:96,0
DA:98,0
DA:101,0
DA:102,0
DA:104,0
DA:106,0
DA:114,0
DA:115,0
DA:116,0
DA:117,0
DA:118,0
DA:121,0
DA:128,0
DA:129,0
DA:130,0
DA:131,0
DA:132,0
DA:134,0
DA:135,0
DA:137,0
DA:138,0
DA:142,0
DA:161,0
DA:167,0
DA:177,0
DA:178,0
DA:179,0
DA:183,0
DA:187,0
DA:201,0
DA:208,0
DA:209,0
DA:214,0
DA:218,0
DA:219,0
DA:220,0
DA:224,0
DA:233,0
DA:234,0
DA:238,0
DA:239,0
DA:240,0
DA:244,0
DA:245,0
DA:246,0
DA:256,0
DA:266,0
DA:272,0
DA:273,0
DA:274,0
DA:276,0
DA:282,0
DA:283,0
DA:284,0
DA:285,0
DA:286,0
DA:287,0
DA:293,0
DA:301,0
DA:306,0
DA:308,0
DA:318,0
DA:321,0
DA:324,0
DA:325,0
LF:96
LH:0
BRDA:31,0,0,0
BRDA:31,0,1,0
BRDA:50,1,0,0
BRDA:50,1,1,0
BRDA:55,2,0,0
BRDA:55,2,1,0
BRDA:62,3,0,0
BRDA:62,3,1,0
BRDA:62,4,0,0
BRDA:62,4,1,0
BRDA:68,5,0,0
BRDA:68,5,1,0
BRDA:96,6,0,0
BRDA:96,6,1,0
BRDA:101,7,0,0
BRDA:101,7,1,0
BRDA:102,8,0,0
BRDA:102,8,1,0
BRDA:102,9,0,0
BRDA:102,9,1,0
BRDA:117,10,0,0
BRDA:117,10,1,0
BRDA:134,11,0,0
BRDA:134,11,1,0
BRDA:137,12,0,0
BRDA:137,12,1,0
BRDA:137,13,0,0
BRDA:137,13,1,0
BRDA:137,13,2,0
BRDA:183,14,0,0
BRDA:183,14,1,0
BRDA:219,15,0,0
BRDA:219,15,1,0
BRDA:272,16,0,0
BRDA:272,16,1,0
BRDA:274,17,0,0
BRDA:274,17,1,0
BRF:37
BRH:0
end_of_record
TN:
SF:src\lib\utils.ts
FN:4,cn
FNF:1
FNH:1
FNDA:4389,cn
DA:5,4389
LF:1
LH:1
BRF:0
BRH:0
end_of_record
TN:
SF:src\pages\ChatPage.tsx
FN:21,ChatPage
FN:33,(anonymous_1)
FN:34,(anonymous_2)
FN:41,(anonymous_3)
FN:42,(anonymous_4)
FN:49,(anonymous_5)
FN:56,(anonymous_6)
FN:75,(anonymous_7)
FN:83,(anonymous_8)
FN:88,(anonymous_9)
FN:90,(anonymous_10)
FN:100,(anonymous_11)
FN:116,(anonymous_12)
FN:129,(anonymous_13)
FN:141,(anonymous_14)
FN:148,(anonymous_15)
FN:167,(anonymous_16)
FN:171,(anonymous_17)
FN:222,(anonymous_18)
FN:285,(anonymous_19)
FNF:20
FNH:10
FNDA:26,ChatPage
FNDA:9,(anonymous_1)
FNDA:9,(anonymous_2)
FNDA:8,(anonymous_3)
FNDA:8,(anonymous_4)
FNDA:10,(anonymous_5)
FNDA:0,(anonymous_6)
FNDA:0,(anonymous_7)
FNDA:0,(anonymous_8)
FNDA:0,(anonymous_9)
FNDA:0,(anonymous_10)
FNDA:0,(anonymous_11)
FNDA:0,(anonymous_12)
FNDA:0,(anonymous_13)
FNDA:10,(anonymous_14)
FNDA:1,(anonymous_15)
FNDA:0,(anonymous_16)
FNDA:16,(anonymous_17)
FNDA:0,(anonymous_18)
FNDA:10,(anonymous_19)
DA:22,26
DA:23,26
DA:24,26
DA:25,26
DA:26,26
DA:27,26
DA:28,26
DA:29,26
DA:30,26
DA:33,26
DA:34,9
DA:35,9
DA:36,9
DA:37,9
DA:38,8
DA:39,8
DA:41,8
DA:42,8
DA:43,8
DA:49,26
DA:50,10
DA:56,26
DA:57,0
DA:58,0
DA:60,0
DA:67,0
DA:75,0
DA:76,0
DA:77,0
DA:79,0
DA:81,0
DA:83,0
DA:87,0
DA:88,0
DA:89,0
DA:90,0
DA:91,0
DA:92,0
DA:93,0
DA:94,0
DA:96,0
DA:99,0
DA:100,0
DA:101,0
DA:102,0
DA:103,0
DA:104,0
DA:105,0
DA:108,0
DA:110,0
DA:112,0
DA:113,0
DA:115,0
DA:116,0
DA:117,0
DA:118,0
DA:119,0
DA:120,0
DA:122,0
DA:124,0
DA:125,0
DA:129,0
DA:130,0
DA:131,0
DA:132,0
DA:133,0
DA:135,0
DA:137,0
DA:141,26
DA:142,10
DA:143,0
DA:144,0
DA:148,26
DA:149,1
DA:150,1
DA:153,26
DA:167,0
DA:172,16
DA:223,0
DA:285,10
LF:80
LH:30
BRDA:37,0,0,8
BRDA:37,0,1,1
BRDA:43,1,0,8
BRDA:43,1,1,0
BRDA:58,2,0,0
BRDA:58,2,1,0
BRDA:58,3,0,0
BRDA:58,3,1,0
BRDA:89,4,0,0
BRDA:89,4,1,0
BRDA:89,5,0,0
BRDA:89,5,1,0
BRDA:93,6,0,0
BRDA:93,6,1,0
BRDA:99,7,0,0
BRDA:99,7,1,0
BRDA:103,8,0,0
BRDA:103,8,1,0
BRDA:105,9,0,0
BRDA:105,9,1,0
BRDA:115,10,0,0
BRDA:115,10,1,0
BRDA:119,11,0,0
BRDA:119,11,1,0
BRDA:132,12,0,0
BRDA:132,12,1,0
BRDA:133,13,0,0
BRDA:133,13,1,0
BRDA:142,14,0,0
BRDA:142,14,1,10
BRDA:142,15,0,10
BRDA:142,15,1,0
BRDA:170,16,0,16
BRDA:170,16,1,10
BRDA:183,17,0,16
BRDA:183,17,1,10
BRDA:189,18,0,16
BRDA:189,18,1,10
BRDA:192,19,0,16
BRDA:192,19,1,10
BRDA:208,20,0,26
BRDA:208,20,1,26
BRDA:227,21,0,0
BRDA:227,21,1,0
BRDA:233,22,0,0
BRDA:233,22,1,0
BRDA:238,23,0,0
BRDA:238,23,1,0
BRDA:247,24,0,0
BRDA:247,24,1,0
BRDA:249,25,0,0
BRDA:249,25,1,0
BRDA:254,26,0,0
BRDA:254,26,1,0
BRDA:259,27,0,0
BRDA:259,27,1,0
BRDA:267,28,0,0
BRDA:267,28,1,0
BRDA:267,28,2,0
BRDA:267,28,3,0
BRDA:295,29,0,26
BRDA:295,29,1,10
BRDA:295,29,2,10
BRDA:297,30,0,0
BRDA:297,30,1,26
BRF:65
BRH:19
end_of_record
TN:
SF:src\pages\Cognitive.tsx
FN:43,Cognitive
FN:51,(anonymous_1)
FN:59,(anonymous_2)
FN:68,(anonymous_3)
FN:74,(anonymous_4)
FN:112,(anonymous_5)
FN:256,(anonymous_6)
FN:259,(anonymous_7)
FNF:8
FNH:7
FNDA:63,Cognitive
FNDA:10,(anonymous_1)
FNDA:10,(anonymous_2)
FNDA:10,(anonymous_3)
FNDA:1,(anonymous_4)
FNDA:0,(anonymous_5)
FNDA:46,(anonymous_6)
FNDA:46,(anonymous_7)
DA:44,63
DA:45,63
DA:46,63
DA:49,63
DA:51,10
DA:57,63
DA:60,10
DA:66,63
DA:69,10
DA:74,63
DA:75,1
DA:76,1
DA:77,1
DA:78,1
DA:79,1
DA:87,1
DA:89,1
DA:93,63
DA:94,63
DA:95,63
DA:97,63
DA:113,0
DA:114,0
DA:115,0
DA:256,46
DA:259,46
LF:26
LH:23
BRDA:75,0,0,0
BRDA:75,0,1,1
BRDA:75,1,0,1
BRDA:75,1,1,1
BRDA:87,2,0,1
BRDA:87,2,1,0
BRDA:87,3,0,1
BRDA:87,3,1,1
BRDA:93,4,0,52
BRDA:93,4,1,11
BRDA:94,5,0,52
BRDA:94,5,1,11
BRDA:95,6,0,52
BRDA:95,6,1,11
BRDA:121,7,0,63
BRDA:121,7,1,10
BRDA:139,8,0,52
BRDA:139,8,1,11
BRDA:147,9,0,52
BRDA:147,9,1,0
BRDA:150,10,0,52
BRDA:150,10,1,0
BRDA:158,11,0,52
BRDA:158,11,1,0
BRDA:161,12,0,52
BRDA:161,12,1,52
BRDA:172,13,0,10
BRDA:172,13,1,1
BRDA:191,14,0,52
BRDA:191,14,1,11
BRDA:198,15,0,52
BRDA:198,15,1,0
BRDA:201,16,0,52
BRDA:201,16,1,0
BRDA:207,17,0,10
BRDA:207,17,1,1
BRDA:226,18,0,52
BRDA:226,18,1,11
BRDA:230,19,0,10
BRDA:230,19,1,1
BRDA:259,20,0,46
BRDA:259,20,1,0
BRDA:263,21,0,63
BRDA:263,21,1,62
BRDA:265,22,0,1
BRDA:265,22,1,62
BRDA:273,23,0,63
BRDA:273,23,1,1
BRDA:275,24,0,1
BRDA:275,24,1,0
BRDA:286,25,0,1
BRDA:286,25,1,0
BRDA:286,25,2,0
BRDA:299,26,0,1
BRDA:299,26,1,1
BRDA:299,26,2,1
BRF:56
BRH:45
end_of_record
TN:
SF:src\pages\Dashboard.tsx
FN:14,StatCard
FN:47,Dashboard
FN:50,(anonymous_2)
FN:77,(anonymous_3)
FN:105,(anonymous_4)
FNF:5
FNH:0
FNDA:0,StatCard
FNDA:0,Dashboard
FNDA:0,(anonymous_2)
FNDA:0,(anonymous_3)
FNDA:0,(anonymous_4)
DA:25,0
DA:48,0
DA:50,0
DA:54,0
DA:56,0
DA:58,0
DA:78,0
DA:80,0
DA:86,0
DA:91,0
DA:106,0
DA:107,0
LF:12
LH:0
BRDA:18,0,0,0
BRDA:37,1,0,0
BRDA:37,1,1,0
BRDA:39,2,0,0
BRDA:39,2,1,0
BRDA:54,3,0,0
BRDA:54,3,1,0
BRDA:70,4,0,0
BRDA:70,4,1,0
BRDA:71,5,0,0
BRDA:71,5,1,0
BRDA:80,6,0,0
BRDA:80,6,1,0
BRDA:81,7,0,0
BRDA:81,7,1,0
BRDA:82,8,0,0
BRDA:82,8,1,0
BRDA:83,9,0,0
BRDA:83,9,1,0
BRDA:84,10,0,0
BRDA:84,10,1,0
BRDA:86,11,0,0
BRDA:86,11,1,0
BRDA:87,12,0,0
BRDA:87,12,1,0
BRDA:88,13,0,0
BRDA:88,13,1,0
BRDA:89,14,0,0
BRDA:89,14,1,0
BRF:29
BRH:0
end_of_record
TN:
SF:src\pages\IntelligencePage.tsx
FN:22,IntelligencePage
FN:27,(anonymous_1)
FN:34,(anonymous_2)
FN:46,(anonymous_3)
FN:48,(anonymous_4)
FN:57,(anonymous_5)
FN:64,(anonymous_6)
FN:65,(anonymous_7)
FN:91,(anonymous_8)
FN:97,(anonymous_9)
FN:146,(anonymous_10)
FN:154,(anonymous_11)
FN:158,(anonymous_12)
FN:175,(anonymous_13)
FN:213,(anonymous_14)
FN:238,(anonymous_15)
FN:254,(anonymous_16)
FNF:17
FNH:16
FNDA:65,IntelligencePage
FNDA:195,(anonymous_1)
FNDA:1,(anonymous_2)
FNDA:1,(anonymous_3)
FNDA:1,(anonymous_4)
FNDA:1,(anonymous_5)
FNDA:5,(anonymous_6)
FNDA:5,(anonymous_7)
FNDA:195,(anonymous_8)
FNDA:5,(anonymous_9)
FNDA:1,(anonymous_10)
FNDA:44,(anonymous_11)
FNDA:44,(anonymous_12)
FNDA:0,(anonymous_13)
FNDA:2,(anonymous_14)
FNDA:2,(anonymous_15)
FNDA:2,(anonymous_16)
DA:23,65
DA:24,65
DA:25,65
DA:27,195
DA:28,65
DA:29,65
DA:33,65
DA:35,1
DA:44,1
DA:47,1
DA:48,1
DA:56,65
DA:58,1
DA:59,1
DA:64,65
DA:65,5
DA:66,5
DA:67,5
DA:68,1
DA:69,5
DA:73,65
DA:92,195
DA:93,195
DA:94,195
DA:97,5
DA:146,1
DA:154,44
DA:159,44
DA:160,0
DA:161,0
DA:175,0
DA:214,2
DA:238,2
DA:255,2
LF:34
LH:31
BRDA:47,0,0,1
BRDA:47,0,1,0
BRDA:47,1,0,1
BRDA:47,1,1,1
BRDA:59,2,0,1
BRDA:59,2,1,0
BRDA:67,3,0,4
BRDA:67,3,1,1
BRDA:100,4,0,188
BRDA:100,4,1,7
BRDA:109,5,0,188
BRDA:109,5,1,7
BRDA:115,6,0,188
BRDA:115,6,1,7
BRDA:124,7,0,188
BRDA:124,7,1,7
BRDA:159,8,0,0
BRDA:159,8,1,44
BRDA:159,9,0,44
BRDA:159,9,1,0
BRDA:159,9,2,0
BRDA:170,10,0,65
BRDA:170,10,1,2
BRDA:184,11,0,65
BRDA:184,11,1,65
BRDA:184,11,2,49
BRDA:189,12,0,0
BRDA:189,12,1,65
BRDA:201,13,0,65
BRDA:201,13,1,2
BRDA:201,13,2,0
BRDA:205,14,0,0
BRDA:205,14,1,0
BRDA:218,15,0,2
BRDA:218,15,1,2
BRDA:225,16,0,0
BRDA:225,16,1,2
BRDA:230,17,0,2
BRDA:230,17,1,2
BRDA:235,18,0,2
BRDA:235,18,1,2
BRDA:251,19,0,2
BRDA:251,19,1,2
BRDA:251,19,2,2
BRDA:266,20,0,2
BRDA:266,20,1,2
BRDA:272,21,0,2
BRDA:272,21,1,0
BRF:48
BRH:37
end_of_record
TN:
SF:src\pages\Knowledge.tsx
FN:39,Knowledge
FN:48,(anonymous_1)
FN:55,(anonymous_2)
FN:64,(anonymous_3)
FN:87,(anonymous_4)
FN:113,(anonymous_5)
FN:174,(anonymous_6)
FN:177,(anonymous_7)
FN:232,(anonymous_8)
FN:235,(anonymous_9)
FN:289,(anonymous_10)
FN:292,(anonymous_11)
FN:320,(anonymous_12)
FNF:13
FNH:8
FNDA:69,Knowledge
FNDA:12,(anonymous_1)
FNDA:12,(anonymous_2)
FNDA:3,(anonymous_3)
FNDA:0,(anonymous_4)
FNDA:0,(anonymous_5)
FNDA:87,(anonymous_6)
FNDA:0,(anonymous_7)
FNDA:58,(anonymous_8)
FNDA:0,(anonymous_9)
FNDA:44,(anonymous_10)
FNDA:44,(anonymous_11)
FNDA:0,(anonymous_12)
DA:40,69
DA:41,69
DA:42,69
DA:43,69
DA:46,69
DA:48,12
DA:53,69
DA:56,12
DA:60,69
DA:61,69
DA:64,69
DA:65,3
DA:66,3
DA:67,3
DA:68,3
DA:69,3
DA:70,3
DA:73,3
DA:74,2
DA:76,1
DA:79,0
DA:81,3
DA:86,69
DA:88,0
DA:89,0
DA:90,0
DA:91,0
DA:92,0
DA:100,69
DA:114,0
DA:115,0
DA:175,87
DA:178,0
DA:233,58
DA:236,0
DA:289,44
DA:292,44
DA:320,0
LF:38
LH:27
BRDA:60,0,0,57
BRDA:60,0,1,12
BRDA:61,1,0,57
BRDA:61,1,1,12
BRDA:65,2,0,0
BRDA:65,2,1,3
BRDA:73,3,0,2
BRDA:73,3,1,1
BRDA:73,4,0,3
BRDA:73,4,1,2
BRDA:76,5,0,1
BRDA:76,5,1,0
BRDA:79,6,0,0
BRDA:79,6,1,0
BRDA:121,7,0,69
BRDA:121,7,1,12
BRDA:139,8,0,29
BRDA:139,8,1,40
BRDA:141,9,0,29
BRDA:141,9,1,29
BRDA:151,10,0,29
BRDA:151,10,1,29
BRDA:161,11,0,29
BRDA:161,11,1,29
BRDA:191,12,0,12
BRDA:191,12,1,28
BRDA:210,13,0,29
BRDA:210,13,1,40
BRDA:217,14,0,29
BRDA:217,14,1,0
BRDA:226,15,0,29
BRDA:226,15,1,0
BRDA:249,16,0,12
BRDA:249,16,1,28
BRDA:261,17,0,69
BRDA:261,17,1,57
BRDA:292,18,0,44
BRDA:292,18,1,0
BRDA:296,19,0,69
BRDA:296,19,1,66
BRDA:298,20,0,3
BRDA:298,20,1,66
BRDA:306,21,0,69
BRDA:306,21,1,1
BRDA:310,22,0,69
BRDA:310,22,1,2
BRDA:326,23,0,2
BRDA:326,23,1,1
BRDA:332,24,0,2
BRDA:332,24,1,0
BRDA:332,24,2,0
BRF:51
BRH:42
end_of_record
TN:
SF:src\pages\Observability.tsx
FN:61,Observability
FN:64,(anonymous_1)
FN:71,(anonymous_2)
FN:78,(anonymous_3)
FN:85,(anonymous_4)
FN:91,(anonymous_5)
FN:102,(anonymous_6)
FN:121,(anonymous_7)
FN:230,(anonymous_8)
FN:318,(anonymous_9)
FN:353,(anonymous_10)
FN:386,(anonymous_11)
FNF:12
FNH:10
FNDA:18,Observability
FNDA:11,(anonymous_1)
FNDA:11,(anonymous_2)
FNDA:11,(anonymous_3)
FNDA:11,(anonymous_4)
FNDA:11,(anonymous_5)
FNDA:18,(anonymous_6)
FNDA:0,(anonymous_7)
FNDA:21,(anonymous_8)
FNDA:14,(anonymous_9)
FNDA:0,(anonymous_10)
FNDA:7,(anonymous_11)
DA:62,18
DA:64,11
DA:69,18
DA:71,11
DA:76,18
DA:78,11
DA:83,18
DA:85,11
DA:89,18
DA:91,11
DA:95,18
DA:96,18
DA:97,18
DA:98,18
DA:99,18
DA:100,18
DA:102,18
DA:103,18
DA:104,7
DA:105,7
DA:106,7
DA:109,18
DA:122,0
DA:123,0
DA:124,0
DA:125,0
DA:231,21
DA:319,14
DA:354,0
DA:387,7
LF:30
LH:25
BRDA:95,0,0,7
BRDA:95,0,1,11
BRDA:96,1,0,7
BRDA:96,1,1,11
BRDA:97,2,0,7
BRDA:97,2,1,11
BRDA:98,3,0,7
BRDA:98,3,1,11
BRDA:99,4,0,7
BRDA:99,4,1,11
BRDA:100,5,0,18
BRDA:100,5,1,7
BRDA:103,6,0,11
BRDA:103,6,1,7
BRDA:106,7,0,7
BRDA:106,7,1,0
BRDA:129,8,0,18
BRDA:129,8,1,11
BRDA:146,9,0,7
BRDA:146,9,1,11
BRDA:148,10,0,0
BRDA:148,10,1,11
BRDA:153,11,0,18
BRDA:153,11,1,11
BRDA:154,12,0,0
BRDA:154,12,1,11
BRDA:184,13,0,18
BRDA:184,13,1,11
BRDA:199,14,0,7
BRDA:199,14,1,11
BRDA:202,15,0,7
BRDA:202,15,1,0
BRDA:204,16,0,0
BRDA:204,16,1,0
BRDA:229,17,0,7
BRDA:229,17,1,11
BRDA:232,18,0,14
BRDA:232,18,1,7
BRDA:240,19,0,11
BRDA:240,19,1,0
BRDA:259,20,0,7
BRDA:259,20,1,11
BRDA:261,21,0,7
BRDA:261,21,1,7
BRDA:267,22,0,7
BRDA:267,22,1,7
BRDA:275,23,0,7
BRDA:275,23,1,7
BRDA:285,24,0,7
BRDA:285,24,1,7
BRDA:296,25,0,11
BRDA:296,25,1,0
BRDA:308,26,0,18
BRDA:308,26,1,7
BRDA:308,26,2,7
BRDA:323,27,0,14
BRDA:323,27,1,0
BRDA:323,28,0,14
BRDA:323,28,1,0
BRDA:342,29,0,18
BRDA:342,29,1,7
BRDA:342,29,2,7
BRDA:342,29,3,0
BRDA:357,30,0,0
BRDA:357,30,1,0
BRDA:359,31,0,0
BRDA:359,31,1,0
BRDA:377,32,0,18
BRDA:377,32,1,7
BRDA:377,32,2,7
BRF:70
BRH:55
end_of_record
TN:
SF:src\pages\RagQuery.tsx
FN:62,RagQuery
FN:70,(anonymous_1)
FN:78,(anonymous_2)
FN:106,(anonymous_3)
FN:111,(anonymous_4)
FN:145,(anonymous_5)
FN:193,(anonymous_6)
FN:216,(anonymous_7)
FN:245,(anonymous_8)
FN:269,(anonymous_9)
FN:335,(anonymous_10)
FN:357,(anonymous_11)
FN:368,(anonymous_12)
FN:406,(anonymous_13)
FNF:14
FNH:7
FNDA:53,RagQuery
FNDA:9,(anonymous_1)
FNDA:1,(anonymous_2)
FNDA:0,(anonymous_3)
FNDA:0,(anonymous_4)
FNDA:0,(anonymous_5)
FNDA:1,(anonymous_6)
FNDA:1,(anonymous_7)
FNDA:42,(anonymous_8)
FNDA:4,(anonymous_9)
FNDA:0,(anonymous_10)
FNDA:0,(anonymous_11)
FNDA:0,(anonymous_12)
FNDA:0,(anonymous_13)
DA:39,4
DA:52,4
DA:63,53
DA:64,53
DA:65,53
DA:66,53
DA:67,53
DA:68,53
DA:69,53
DA:70,53
DA:71,53
DA:72,53
DA:73,53
DA:76,53
DA:78,53
DA:79,1
DA:80,1
DA:82,1
DA:83,1
DA:84,1
DA:85,1
DA:86,1
DA:87,1
DA:89,1
DA:90,1
DA:92,1
DA:93,1
DA:106,1
DA:107,0
DA:108,0
DA:109,0
DA:110,0
DA:111,0
DA:121,0
DA:124,0
DA:125,0
DA:126,0
DA:127,0
DA:128,0
DA:131,0
DA:132,0
DA:133,0
DA:135,0
DA:137,0
DA:138,0
DA:140,0
DA:141,0
DA:143,0
DA:144,0
DA:145,0
DA:151,0
DA:153,0
DA:155,0
DA:156,0
DA:157,0
DA:158,0
DA:159,0
DA:164,0
DA:166,0
DA:167,0
DA:168,0
DA:170,0
DA:173,0
DA:174,0
DA:175,0
DA:180,0
DA:181,0
DA:182,0
DA:183,0
DA:187,0
DA:188,0
DA:189,0
DA:193,53
DA:194,1
DA:195,1
DA:198,53
DA:200,53
DA:216,1
DA:245,42
DA:270,4
DA:272,4
DA:278,4
DA:336,0
DA:357,0
DA:369,0
DA:407,0
LF:86
LH:38
BRDA:80,0,0,0
BRDA:80,0,1,1
BRDA:80,1,0,1
BRDA:80,1,1,1
BRDA:98,2,0,1
BRDA:98,2,1,0
BRDA:107,3,0,0
BRDA:107,3,1,0
BRDA:110,4,0,0
BRDA:110,4,1,0
BRDA:124,5,0,0
BRDA:124,5,1,0
BRDA:125,6,0,0
BRDA:125,6,1,0
BRDA:131,7,0,0
BRDA:131,7,1,0
BRDA:131,8,0,0
BRDA:131,8,1,0
BRDA:135,9,0,0
BRDA:135,9,1,0
BRDA:135,9,2,0
BRDA:135,9,3,0
BRDA:135,9,4,0
BRDA:135,9,5,0
BRDA:144,10,0,0
BRDA:144,10,1,0
BRDA:146,11,0,0
BRDA:146,11,1,0
BRDA:147,12,0,0
BRDA:147,12,1,0
BRDA:148,13,0,0
BRDA:148,13,1,0
BRDA:156,14,0,0
BRDA:156,14,1,0
BRDA:167,15,0,0
BRDA:167,15,1,0
BRDA:167,16,0,0
BRDA:167,16,1,0
BRDA:173,17,0,0
BRDA:173,17,1,0
BRDA:180,18,0,0
BRDA:180,18,1,0
BRDA:180,19,0,0
BRDA:180,19,1,0
BRDA:187,20,0,0
BRDA:187,20,1,0
BRDA:221,21,0,53
BRDA:221,21,1,1
BRDA:224,22,0,0
BRDA:224,22,1,1
BRDA:226,23,0,0
BRDA:226,23,1,1
BRDA:250,24,0,53
BRDA:250,24,1,52
BRDA:251,25,0,1
BRDA:251,25,1,52
BRDA:260,26,0,53
BRDA:260,26,1,1
BRDA:283,27,0,1
BRDA:283,27,1,3
BRDA:285,28,0,0
BRDA:285,28,1,3
BRDA:293,29,0,1
BRDA:293,29,1,3
BRDA:300,30,0,4
BRDA:300,30,1,3
BRDA:304,31,0,53
BRDA:304,31,1,53
BRDA:304,31,2,1
BRDA:314,32,0,1
BRDA:314,32,1,1
BRDA:314,32,2,0
BRDA:325,33,0,1
BRDA:325,33,1,1
BRDA:325,33,2,1
BRDA:332,34,0,1
BRDA:332,34,1,0
BRDA:342,35,0,0
BRDA:342,35,1,0
BRDA:354,36,0,53
BRDA:354,36,1,0
BRDA:360,37,0,0
BRDA:360,37,1,0
BRDA:367,38,0,0
BRDA:367,38,1,0
BRDA:392,39,0,53
BRDA:392,39,1,0
BRDA:401,40,0,53
BRDA:401,40,1,0
BRDA:412,41,0,0
BRDA:412,41,1,0
BRDA:423,42,0,0
BRDA:423,42,1,0
BRDA:426,43,0,0
BRDA:426,43,1,0
BRF:95
BRH:33
end_of_record
TN:
SF:src\pages\Security.tsx
FN:53,Security
FN:56,(anonymous_1)
FN:62,(anonymous_2)
FN:68,(anonymous_3)
FN:74,(anonymous_4)
FN:98,(anonymous_5)
FN:123,(anonymous_6)
FN:175,(anonymous_7)
FNF:8
FNH:7
FNDA:13,Security
FNDA:8,(anonymous_1)
FNDA:8,(anonymous_2)
FNDA:8,(anonymous_3)
FNDA:8,(anonymous_4)
FNDA:0,(anonymous_5)
FNDA:16,(anonymous_6)
FNDA:12,(anonymous_7)
DA:54,13
DA:56,8
DA:60,13
DA:62,8
DA:66,13
DA:68,8
DA:72,13
DA:74,8
DA:78,13
DA:79,13
DA:80,13
DA:81,13
DA:83,13
DA:85,13
DA:99,0
DA:100,0
DA:101,0
DA:102,0
DA:124,16
DA:176,12
LF:20
LH:16
BRDA:78,0,0,4
BRDA:78,0,1,9
BRDA:79,1,0,4
BRDA:79,1,1,9
BRDA:80,2,0,4
BRDA:80,2,1,9
BRDA:81,3,0,4
BRDA:81,3,1,9
BRDA:83,4,0,13
BRDA:83,4,1,5
BRDA:106,5,0,13
BRDA:106,5,1,8
BRDA:113,6,0,13
BRDA:113,6,1,4
BRDA:133,7,0,12
BRDA:133,7,1,4
BRDA:133,8,0,16
BRDA:133,8,1,12
BRDA:133,8,2,8
BRDA:135,9,0,0
BRDA:135,9,1,4
BRDA:135,10,0,4
BRDA:135,10,1,4
BRDA:135,10,2,4
BRDA:150,11,0,13
BRDA:150,11,1,4
BRDA:156,12,0,4
BRDA:156,12,1,4
BRDA:159,13,0,4
BRDA:159,13,1,0
BRDA:161,14,0,0
BRDA:161,14,1,0
BRDA:173,15,0,4
BRDA:173,15,1,0
BRDA:173,16,0,4
BRDA:173,16,1,4
BRDA:180,17,0,8
BRDA:180,17,1,4
BRDA:180,18,0,12
BRDA:180,18,1,4
BRDA:182,19,0,4
BRDA:182,19,1,0
BRDA:188,20,0,12
BRDA:188,20,1,4
BRDA:215,21,0,4
BRDA:215,21,1,9
BRDA:222,22,0,4
BRDA:222,22,1,0
BRDA:231,23,0,0
BRDA:231,23,1,4
BRDA:236,24,0,4
BRDA:236,24,1,0
BRDA:244,25,0,4
BRDA:244,25,1,0
BRDA:248,26,0,8
BRDA:248,26,1,1
BRDA:267,27,0,4
BRDA:267,27,1,9
BRDA:271,28,0,8
BRDA:271,28,1,1
BRDA:283,29,0,13
BRDA:283,29,1,9
BRDA:283,29,2,9
BRDA:283,29,3,1
BRF:64
BRH:54
end_of_record
TN:
SF:src\pages\SettingsPage.tsx
FN:5,SettingsPage
FN:14,(anonymous_1)
FN:28,(anonymous_2)
FNF:3
FNH:0
FNDA:0,SettingsPage
FNDA:0,(anonymous_1)
FNDA:0,(anonymous_2)
DA:6,0
DA:15,0
DA:29,0
LF:3
LH:0
BRDA:21,0,0,0
BRDA:21,0,1,0
BRF:2
BRH:0
end_of_record
TN:
SF:src\pages\TerminalPage.tsx
FN:4,TerminalPage
FNF:1
FNH:0
FNDA:0,TerminalPage
DA:5,0
LF:1
LH:0
BRF:0
BRH:0
end_of_record
TN:
SF:src\schema\app-schema.ts
FNF:0
FNH:0
LF:0
LH:0
BRF:0
BRH:0
end_of_record
TN:
SF:src\schema\index.ts
FN:70,(anonymous_0)
FN:73,getRoute
FN:81,getEndpoint
FN:85,resolveSettingValue
FNF:4
FNH:4
FNDA:40,(anonymous_0)
FNDA:3,getRoute
FNDA:14,getEndpoint
FNDA:4,resolveSettingValue
DA:38,4
DA:40,4
DA:56,4
DA:69,4
DA:70,40
DA:74,3
DA:75,3
DA:76,1
DA:78,2
DA:82,14
DA:86,4
DA:87,3
DA:88,2
DA:89,1
LF:14
LH:14
BRDA:75,0,0,1
BRDA:75,0,1,2
BRDA:86,1,0,1
BRDA:86,1,1,3
BRDA:87,2,0,1
BRDA:87,2,1,2
BRDA:88,3,0,1
BRDA:88,3,1,1
BRF:8
BRH:8
end_of_record
TN:
SF:src\schema\routes.ts
FN:4,getRoutes
FNF:1
FNH:0
FNDA:0,getRoutes
DA:5,0
LF:1
LH:0
BRF:0
BRH:0
end_of_record
